TN:
SF:./Amber.js
FN:11,(anonymous_1)
FN:15,(anonymous_2)
FN:21,(anonymous_3)
FN:37,(anonymous_4)
FN:42,(anonymous_5)
FN:47,(anonymous_6)
FN:50,(anonymous_7)
FN:71,(anonymous_8)
FN:79,(anonymous_9)
FN:95,(anonymous_10)
FN:98,(anonymous_11)
FN:101,(anonymous_12)
FN:132,(anonymous_13)
FN:156,(anonymous_14)
FN:164,(anonymous_15)
FN:195,(anonymous_16)
FN:214,(anonymous_17)
FN:220,(anonymous_18)
FN:229,(anonymous_19)
FN:270,(anonymous_20)
FN:290,(anonymous_21)
FN:313,(anonymous_22)
FN:335,(anonymous_23)
FN:356,(anonymous_24)
FN:388,(anonymous_25)
FN:408,(anonymous_26)
FN:417,(anonymous_27)
FN:418,(anonymous_28)
FN:427,(anonymous_29)
FN:432,(anonymous_30)
FN:450,(anonymous_31)
FN:456,(anonymous_32)
FN:465,(anonymous_33)
FN:474,(anonymous_34)
FN:483,(anonymous_35)
FN:497,(anonymous_36)
FN:556,(anonymous_37)
FN:566,(anonymous_38)
FN:583,(anonymous_39)
FN:590,(anonymous_40)
FN:600,(anonymous_41)
FN:608,(anonymous_42)
FN:617,(anonymous_43)
FN:636,(anonymous_44)
FN:647,(anonymous_45)
FN:658,(anonymous_46)
FN:714,(anonymous_47)
FN:721,(anonymous_48)
FN:728,(anonymous_49)
FN:746,(anonymous_50)
FN:753,(anonymous_51)
FN:765,(anonymous_52)
FN:787,(anonymous_53)
FN:797,(anonymous_54)
FN:807,(anonymous_55)
FN:833,(anonymous_56)
FN:860,(anonymous_57)
FN:871,(anonymous_58)
FN:881,(anonymous_59)
FN:898,(anonymous_60)
FN:911,(anonymous_61)
FN:922,(anonymous_62)
FN:927,(anonymous_63)
FN:931,(anonymous_64)
FN:936,(anonymous_65)
FN:937,delayed
FN:949,(anonymous_67)
FN:952,(anonymous_68)
FN:981,(anonymous_69)
FN:997,(anonymous_70)
FN:1044,(anonymous_71)
FN:1070,(anonymous_72)
FN:1093,(anonymous_73)
FN:1106,(anonymous_74)
FN:1142,(anonymous_75)
FN:1145,(anonymous_76)
FN:1148,(anonymous_77)
FN:1151,(anonymous_78)
FN:1157,(anonymous_79)
FN:1160,(anonymous_80)
FN:1163,(anonymous_81)
FN:1169,(anonymous_82)
FN:1172,(anonymous_83)
FN:1175,(anonymous_84)
FN:1181,(anonymous_85)
FN:1184,(anonymous_86)
FN:1187,(anonymous_87)
FN:1193,(anonymous_88)
FN:1196,(anonymous_89)
FN:1199,(anonymous_90)
FN:1202,(anonymous_91)
FN:1205,(anonymous_92)
FN:1208,(anonymous_93)
FN:1220,(anonymous_94)
FN:1223,(anonymous_95)
FN:1226,(anonymous_96)
FN:1232,(anonymous_97)
FN:1253,(anonymous_98)
FN:1274,(anonymous_99)
FN:1298,(anonymous_100)
FN:1304,(anonymous_101)
FN:1310,(anonymous_102)
FN:1319,(anonymous_103)
FN:1322,(anonymous_104)
FN:1333,(anonymous_105)
FNF:105
FNH:37
FNDA:1,(anonymous_1)
FNDA:0,(anonymous_2)
FNDA:1,(anonymous_3)
FNDA:1,(anonymous_4)
FNDA:1,(anonymous_5)
FNDA:1,(anonymous_6)
FNDA:1,(anonymous_7)
FNDA:1,(anonymous_8)
FNDA:1,(anonymous_9)
FNDA:1,(anonymous_10)
FNDA:1,(anonymous_11)
FNDA:2,(anonymous_12)
FNDA:1,(anonymous_13)
FNDA:25,(anonymous_14)
FNDA:16,(anonymous_15)
FNDA:13,(anonymous_16)
FNDA:0,(anonymous_17)
FNDA:0,(anonymous_18)
FNDA:0,(anonymous_19)
FNDA:29,(anonymous_20)
FNDA:0,(anonymous_21)
FNDA:16,(anonymous_22)
FNDA:31,(anonymous_23)
FNDA:13,(anonymous_24)
FNDA:1,(anonymous_25)
FNDA:16,(anonymous_26)
FNDA:1,(anonymous_27)
FNDA:16,(anonymous_28)
FNDA:0,(anonymous_29)
FNDA:0,(anonymous_30)
FNDA:0,(anonymous_31)
FNDA:0,(anonymous_32)
FNDA:0,(anonymous_33)
FNDA:0,(anonymous_34)
FNDA:0,(anonymous_35)
FNDA:0,(anonymous_36)
FNDA:0,(anonymous_37)
FNDA:0,(anonymous_38)
FNDA:0,(anonymous_39)
FNDA:0,(anonymous_40)
FNDA:0,(anonymous_41)
FNDA:0,(anonymous_42)
FNDA:0,(anonymous_43)
FNDA:0,(anonymous_44)
FNDA:0,(anonymous_45)
FNDA:16,(anonymous_46)
FNDA:7,(anonymous_47)
FNDA:0,(anonymous_48)
FNDA:5,(anonymous_49)
FNDA:0,(anonymous_50)
FNDA:0,(anonymous_51)
FNDA:16,(anonymous_52)
FNDA:7,(anonymous_53)
FNDA:16,(anonymous_54)
FNDA:7,(anonymous_55)
FNDA:0,(anonymous_56)
FNDA:0,(anonymous_57)
FNDA:0,(anonymous_58)
FNDA:0,(anonymous_59)
FNDA:0,(anonymous_60)
FNDA:0,(anonymous_61)
FNDA:0,(anonymous_62)
FNDA:0,(anonymous_63)
FNDA:0,(anonymous_64)
FNDA:0,(anonymous_65)
FNDA:0,delayed
FNDA:0,(anonymous_67)
FNDA:0,(anonymous_68)
FNDA:3,(anonymous_69)
FNDA:9,(anonymous_70)
FNDA:9,(anonymous_71)
FNDA:22,(anonymous_72)
FNDA:22,(anonymous_73)
FNDA:22,(anonymous_74)
FNDA:0,(anonymous_75)
FNDA:0,(anonymous_76)
FNDA:0,(anonymous_77)
FNDA:0,(anonymous_78)
FNDA:0,(anonymous_79)
FNDA:0,(anonymous_80)
FNDA:0,(anonymous_81)
FNDA:0,(anonymous_82)
FNDA:0,(anonymous_83)
FNDA:0,(anonymous_84)
FNDA:0,(anonymous_85)
FNDA:0,(anonymous_86)
FNDA:0,(anonymous_87)
FNDA:0,(anonymous_88)
FNDA:0,(anonymous_89)
FNDA:0,(anonymous_90)
FNDA:0,(anonymous_91)
FNDA:0,(anonymous_92)
FNDA:0,(anonymous_93)
FNDA:0,(anonymous_94)
FNDA:0,(anonymous_95)
FNDA:0,(anonymous_96)
FNDA:0,(anonymous_97)
FNDA:0,(anonymous_98)
FNDA:0,(anonymous_99)
FNDA:0,(anonymous_100)
FNDA:0,(anonymous_101)
FNDA:0,(anonymous_102)
FNDA:0,(anonymous_103)
FNDA:0,(anonymous_104)
FNDA:0,(anonymous_105)
DA:11,1
DA:14,1
DA:15,1
DA:16,1
DA:19,1
DA:25,1
DA:28,1
DA:35,1
DA:39,1
DA:44,1
DA:45,1
DA:48,1
DA:52,1
DA:53,1
DA:54,1
DA:55,1
DA:57,1
DA:58,0
DA:62,1
DA:63,1
DA:64,1
DA:65,2
DA:66,1
DA:69,0
DA:72,1
DA:73,1
DA:74,4
DA:76,1
DA:80,1
DA:81,5
DA:83,1
DA:94,1
DA:96,1
DA:99,1
DA:102,2
DA:103,0
DA:105,2
DA:106,1
DA:108,1
DA:109,1
DA:121,1
DA:133,1
DA:136,1
DA:137,0
DA:139,1
DA:150,1
DA:157,25
DA:158,25
DA:166,16
DA:168,16
DA:170,0
DA:173,0
DA:176,0
DA:178,0
DA:179,0
DA:181,0
DA:184,0
DA:185,0
DA:187,0
DA:190,16
DA:197,13
DA:198,0
DA:202,13
DA:203,13
DA:204,13
DA:210,13
DA:216,0
DA:217,0
DA:219,0
DA:220,0
DA:221,0
DA:222,0
DA:224,0
DA:225,0
DA:230,0
DA:231,0
DA:232,0
DA:233,0
DA:234,0
DA:235,0
DA:236,0
DA:237,0
DA:239,0
DA:240,0
DA:241,0
DA:242,0
DA:244,0
DA:245,0
DA:246,0
DA:247,0
DA:248,0
DA:249,0
DA:250,0
DA:251,0
DA:252,0
DA:254,0
DA:258,0
DA:262,0
DA:271,29
DA:272,11
DA:274,18
DA:275,18
DA:276,0
DA:278,18
DA:279,18
DA:280,18
DA:281,13
DA:283,18
DA:284,0
DA:286,18
DA:291,0
DA:292,0
DA:293,0
DA:296,0
DA:297,0
DA:298,0
DA:300,0
DA:301,0
DA:302,0
DA:303,0
DA:304,0
DA:306,0
DA:314,16
DA:315,7
DA:316,7
DA:317,7
DA:318,7
DA:319,7
DA:321,9
DA:328,1
DA:335,1
DA:336,31
DA:337,0
DA:339,31
DA:340,0
DA:341,0
DA:343,0
DA:345,31
DA:346,0
DA:347,0
DA:348,0
DA:350,0
DA:352,31
DA:356,1
DA:357,13
DA:358,13
DA:359,13
DA:360,13
DA:361,13
DA:362,13
DA:363,13
DA:365,11
DA:366,11
DA:368,2
DA:369,2
DA:371,0
DA:372,0
DA:374,0
DA:375,0
DA:377,0
DA:388,1
DA:389,1
DA:391,1
DA:392,1
DA:401,1
DA:409,16
DA:418,1
DA:419,16
DA:428,0
DA:432,1
DA:434,0
DA:437,0
DA:438,0
DA:440,0
DA:442,0
DA:444,0
DA:448,1
DA:457,0
DA:466,0
DA:475,0
DA:484,0
DA:498,0
DA:499,0
DA:500,0
DA:501,0
DA:502,0
DA:503,0
DA:505,0
DA:506,0
DA:509,0
DA:510,0
DA:511,0
DA:513,0
DA:516,0
DA:518,0
DA:519,0
DA:520,0
DA:521,0
DA:524,0
DA:525,0
DA:527,0
DA:528,0
DA:530,0
DA:531,0
DA:533,0
DA:538,0
DA:539,0
DA:541,0
DA:542,0
DA:543,0
DA:548,0
DA:557,0
DA:567,0
DA:568,0
DA:569,0
DA:571,0
DA:584,0
DA:586,0
DA:589,0
DA:590,0
DA:591,0
DA:592,0
DA:593,0
DA:595,0
DA:599,0
DA:600,0
DA:601,0
DA:602,0
DA:607,0
DA:608,0
DA:609,0
DA:610,0
DA:613,0
DA:617,1
DA:619,0
DA:624,0
DA:625,0
DA:628,0
DA:629,0
DA:630,0
DA:636,1
DA:637,0
DA:647,1
DA:648,0
DA:658,1
DA:660,16
DA:663,16
DA:666,16
DA:667,16
DA:670,16
DA:673,16
DA:676,16
DA:679,16
DA:686,1
DA:722,0
DA:729,5
DA:730,5
DA:731,5
DA:732,0
DA:734,5
DA:736,5
DA:737,5
DA:738,5
DA:747,0
DA:754,0
DA:755,0
DA:756,0
DA:766,16
DA:767,9
DA:770,16
DA:771,16
DA:773,16
DA:774,0
DA:776,16
DA:787,1
DA:788,7
DA:789,7
DA:794,7
DA:795,0
DA:797,7
DA:798,16
DA:803,7
DA:807,7
DA:808,7
DA:810,7
DA:811,7
DA:815,7
DA:819,7
DA:821,7
DA:824,1
DA:833,1
DA:834,0
DA:837,0
DA:838,0
DA:839,0
DA:840,0
DA:843,0
DA:860,1
DA:861,0
DA:862,0
DA:863,0
DA:866,1
DA:872,0
DA:873,0
DA:875,0
DA:876,0
DA:878,0
DA:882,0
DA:883,0
DA:884,0
DA:885,0
DA:886,0
DA:888,0
DA:889,0
DA:893,0
DA:899,0
DA:900,0
DA:901,0
DA:902,0
DA:903,0
DA:907,0
DA:909,0
DA:913,0
DA:914,0
DA:917,0
DA:918,0
DA:920,0
DA:922,0
DA:923,0
DA:924,0
DA:927,0
DA:929,0
DA:930,0
DA:931,0
DA:932,0
DA:936,0
DA:937,1
DA:938,0
DA:939,0
DA:941,0
DA:942,0
DA:944,0
DA:946,0
DA:947,0
DA:950,0
DA:952,0
DA:953,0
DA:954,0
DA:956,0
DA:957,0
DA:960,0
DA:971,1
DA:981,1
DA:983,3
DA:984,0
DA:987,3
DA:988,3
DA:989,3
DA:990,3
DA:993,3
DA:994,3
DA:997,3
DA:998,9
DA:1000,9
DA:1002,3
DA:1005,3
DA:1006,3
DA:1009,6
DA:1010,6
DA:1011,6
DA:1016,3
DA:1044,1
DA:1046,9
DA:1047,9
DA:1048,9
DA:1049,9
DA:1051,9
DA:1052,1
DA:1055,9
DA:1057,9
DA:1058,9
DA:1061,9
DA:1062,9
DA:1070,9
DA:1074,22
DA:1075,22
DA:1081,0
DA:1082,0
DA:1086,0
DA:1093,9
DA:1094,22
DA:1096,22
DA:1097,15
DA:1100,22
DA:1101,9
DA:1106,9
DA:1108,22
DA:1110,22
DA:1111,22
DA:1114,22
DA:1115,22
DA:1116,22
DA:1118,0
DA:1121,22
DA:1136,1
DA:1138,1
DA:1143,0
DA:1146,0
DA:1149,0
DA:1152,0
DA:1153,0
DA:1155,0
DA:1158,0
DA:1161,0
DA:1164,0
DA:1165,0
DA:1167,0
DA:1170,0
DA:1173,0
DA:1176,0
DA:1177,0
DA:1179,0
DA:1182,0
DA:1185,0
DA:1188,0
DA:1189,0
DA:1191,0
DA:1194,0
DA:1197,0
DA:1200,0
DA:1203,0
DA:1206,0
DA:1209,0
DA:1210,0
DA:1212,0
DA:1213,0
DA:1215,0
DA:1216,0
DA:1218,0
DA:1221,0
DA:1224,0
DA:1227,0
DA:1228,0
DA:1230,0
DA:1233,0
DA:1234,0
DA:1235,0
DA:1236,0
DA:1237,0
DA:1239,0
DA:1240,0
DA:1242,0
DA:1243,0
DA:1245,0
DA:1246,0
DA:1247,0
DA:1249,0
DA:1251,0
DA:1254,0
DA:1255,0
DA:1256,0
DA:1257,0
DA:1258,0
DA:1260,0
DA:1261,0
DA:1263,0
DA:1264,0
DA:1266,0
DA:1267,0
DA:1268,0
DA:1270,0
DA:1272,0
DA:1275,0
DA:1276,0
DA:1277,0
DA:1278,0
DA:1279,0
DA:1281,0
DA:1282,0
DA:1284,0
DA:1285,0
DA:1287,0
DA:1288,0
DA:1289,0
DA:1291,0
DA:1293,0
DA:1294,0
DA:1296,0
DA:1299,0
DA:1300,0
DA:1302,0
DA:1305,0
DA:1306,0
DA:1308,0
DA:1311,0
DA:1312,0
DA:1314,0
DA:1315,0
DA:1317,0
DA:1320,0
DA:1323,0
DA:1324,0
DA:1325,0
DA:1326,0
DA:1327,0
DA:1328,0
DA:1330,0
DA:1334,0
DA:1335,0
DA:1337,0
DA:1373,1
LF:511
LH:193
BRDA:14,1,0,0
BRDA:14,1,1,1
BRDA:14,2,0,1
BRDA:14,2,1,0
BRDA:19,3,0,1
BRDA:19,3,1,0
BRDA:39,4,0,1
BRDA:39,4,1,1
BRDA:45,5,0,1
BRDA:45,5,1,0
BRDA:45,5,2,0
BRDA:48,6,0,1
BRDA:48,6,1,0
BRDA:52,7,0,1
BRDA:52,7,1,0
BRDA:57,8,0,0
BRDA:57,8,1,1
BRDA:65,9,0,1
BRDA:65,9,1,1
BRDA:73,10,0,5
BRDA:73,10,1,4
BRDA:102,11,0,0
BRDA:102,11,1,2
BRDA:102,12,0,2
BRDA:102,12,1,2
BRDA:105,13,0,1
BRDA:105,13,1,1
BRDA:108,14,0,1
BRDA:108,14,1,0
BRDA:131,15,0,1
BRDA:131,15,1,1
BRDA:133,16,0,1
BRDA:133,16,1,1
BRDA:133,16,2,1
BRDA:133,16,3,1
BRDA:136,17,0,0
BRDA:136,17,1,1
BRDA:184,18,0,0
BRDA:184,18,1,0
BRDA:197,19,0,0
BRDA:197,19,1,13
BRDA:197,20,0,13
BRDA:197,20,1,13
BRDA:202,21,0,13
BRDA:202,21,1,7
BRDA:203,22,0,13
BRDA:203,22,1,13
BRDA:207,23,0,13
BRDA:207,23,1,13
BRDA:216,24,0,0
BRDA:216,24,1,0
BRDA:216,25,0,0
BRDA:216,25,1,0
BRDA:239,26,0,0
BRDA:239,26,1,0
BRDA:239,27,0,0
BRDA:239,27,1,0
BRDA:240,28,0,0
BRDA:240,28,1,0
BRDA:240,29,0,0
BRDA:240,29,1,0
BRDA:240,29,2,0
BRDA:244,30,0,0
BRDA:244,30,1,0
BRDA:247,31,0,0
BRDA:247,31,1,0
BRDA:249,32,0,0
BRDA:249,32,1,0
BRDA:249,33,0,0
BRDA:249,33,1,0
BRDA:252,34,0,0
BRDA:252,34,1,0
BRDA:252,35,0,0
BRDA:252,35,1,0
BRDA:252,35,2,0
BRDA:252,35,3,0
BRDA:252,35,4,0
BRDA:258,36,0,0
BRDA:258,36,1,0
BRDA:271,37,0,11
BRDA:271,37,1,18
BRDA:275,38,0,0
BRDA:275,38,1,18
BRDA:280,39,0,13
BRDA:280,39,1,5
BRDA:283,40,0,0
BRDA:283,40,1,18
BRDA:292,41,0,0
BRDA:292,41,1,0
BRDA:296,42,0,0
BRDA:296,42,1,0
BRDA:297,43,0,0
BRDA:297,43,1,0
BRDA:297,44,0,0
BRDA:297,44,1,0
BRDA:300,45,0,0
BRDA:300,45,1,0
BRDA:304,46,0,0
BRDA:304,46,1,0
BRDA:304,47,0,0
BRDA:304,47,1,0
BRDA:314,48,0,7
BRDA:314,48,1,9
BRDA:316,49,0,0
BRDA:316,49,1,7
BRDA:317,50,0,0
BRDA:317,50,1,7
BRDA:336,51,0,0
BRDA:336,51,1,31
BRDA:339,52,0,0
BRDA:339,52,1,31
BRDA:345,53,0,0
BRDA:345,53,1,31
BRDA:363,54,0,11
BRDA:363,54,1,2
BRDA:363,54,2,0
BRDA:363,54,3,0
BRDA:363,54,4,0
BRDA:437,55,0,0
BRDA:437,55,1,0
BRDA:440,56,0,0
BRDA:440,56,1,0
BRDA:475,57,0,0
BRDA:475,57,1,0
BRDA:505,58,0,0
BRDA:505,58,1,0
BRDA:505,59,0,0
BRDA:505,59,1,0
BRDA:509,60,0,0
BRDA:509,60,1,0
BRDA:516,61,0,0
BRDA:516,61,1,0
BRDA:527,62,0,0
BRDA:527,62,1,0
BRDA:530,63,0,0
BRDA:530,63,1,0
BRDA:538,64,0,0
BRDA:538,64,1,0
BRDA:541,65,0,0
BRDA:541,65,1,0
BRDA:584,66,0,0
BRDA:584,66,1,0
BRDA:591,67,0,0
BRDA:591,67,1,0
BRDA:601,68,0,0
BRDA:601,68,1,0
BRDA:609,69,0,0
BRDA:609,69,1,0
BRDA:624,70,0,0
BRDA:624,70,1,0
BRDA:625,71,0,0
BRDA:625,71,1,0
BRDA:666,72,0,16
BRDA:666,72,1,7
BRDA:731,73,0,0
BRDA:731,73,1,5
BRDA:734,74,0,5
BRDA:734,74,1,0
BRDA:766,75,0,9
BRDA:766,75,1,7
BRDA:770,76,0,16
BRDA:770,76,1,0
BRDA:773,77,0,0
BRDA:773,77,1,16
BRDA:794,78,0,0
BRDA:794,78,1,7
BRDA:794,79,0,7
BRDA:794,79,1,4
BRDA:815,80,0,4
BRDA:815,80,1,3
BRDA:834,81,0,0
BRDA:834,81,1,0
BRDA:837,82,0,0
BRDA:837,82,1,0
BRDA:838,83,0,0
BRDA:838,83,1,0
BRDA:839,84,0,0
BRDA:839,84,1,0
BRDA:840,85,0,0
BRDA:840,85,1,0
BRDA:875,86,0,0
BRDA:875,86,1,0
BRDA:885,87,0,0
BRDA:885,87,1,0
BRDA:888,88,0,0
BRDA:888,88,1,0
BRDA:900,89,0,0
BRDA:900,89,1,0
BRDA:907,90,0,0
BRDA:907,90,1,0
BRDA:909,91,0,0
BRDA:909,91,1,0
BRDA:913,92,0,0
BRDA:913,92,1,0
BRDA:913,93,0,0
BRDA:913,93,1,0
BRDA:913,93,2,0
BRDA:923,94,0,0
BRDA:923,94,1,0
BRDA:929,95,0,0
BRDA:929,95,1,0
BRDA:941,96,0,0
BRDA:941,96,1,0
BRDA:953,97,0,0
BRDA:953,97,1,0
BRDA:983,98,0,0
BRDA:983,98,1,3
BRDA:1000,99,0,3
BRDA:1000,99,1,6
BRDA:1005,100,0,3
BRDA:1005,100,1,0
BRDA:1051,101,0,1
BRDA:1051,101,1,8
BRDA:1055,102,0,9
BRDA:1055,102,1,0
BRDA:1061,103,0,5
BRDA:1061,103,1,4
BRDA:1062,104,0,9
BRDA:1062,104,1,0
BRDA:1074,105,0,22
BRDA:1074,105,1,0
BRDA:1081,106,0,0
BRDA:1081,106,1,0
BRDA:1081,107,0,0
BRDA:1081,107,1,0
BRDA:1096,108,0,15
BRDA:1096,108,1,7
BRDA:1100,109,0,9
BRDA:1100,109,1,13
BRDA:1100,110,0,22
BRDA:1100,110,1,9
BRDA:1108,111,0,22
BRDA:1108,111,1,0
BRDA:1114,112,0,22
BRDA:1114,112,1,0
BRDA:1152,113,0,0
BRDA:1152,113,1,0
BRDA:1164,114,0,0
BRDA:1164,114,1,0
BRDA:1176,115,0,0
BRDA:1176,115,1,0
BRDA:1188,116,0,0
BRDA:1188,116,1,0
BRDA:1203,117,0,0
BRDA:1203,117,1,0
BRDA:1206,118,0,0
BRDA:1206,118,1,0
BRDA:1209,119,0,0
BRDA:1209,119,1,0
BRDA:1212,120,0,0
BRDA:1212,120,1,0
BRDA:1215,121,0,0
BRDA:1215,121,1,0
BRDA:1227,122,0,0
BRDA:1227,122,1,0
BRDA:1236,123,0,0
BRDA:1236,123,1,0
BRDA:1239,124,0,0
BRDA:1239,124,1,0
BRDA:1242,125,0,0
BRDA:1242,125,1,0
BRDA:1245,126,0,0
BRDA:1245,126,1,0
BRDA:1257,127,0,0
BRDA:1257,127,1,0
BRDA:1260,128,0,0
BRDA:1260,128,1,0
BRDA:1263,129,0,0
BRDA:1263,129,1,0
BRDA:1266,130,0,0
BRDA:1266,130,1,0
BRDA:1278,131,0,0
BRDA:1278,131,1,0
BRDA:1281,132,0,0
BRDA:1281,132,1,0
BRDA:1284,133,0,0
BRDA:1284,133,1,0
BRDA:1287,134,0,0
BRDA:1287,134,1,0
BRDA:1293,135,0,0
BRDA:1293,135,1,0
BRDA:1299,136,0,0
BRDA:1299,136,1,0
BRDA:1305,137,0,0
BRDA:1305,137,1,0
BRDA:1311,138,0,0
BRDA:1311,138,1,0
BRDA:1314,139,0,0
BRDA:1314,139,1,0
BRDA:1323,140,0,0
BRDA:1323,140,1,0
BRDA:1325,141,0,0
BRDA:1325,141,1,0
BRDA:1327,142,0,0
BRDA:1327,142,1,0
BRDA:1334,143,0,0
BRDA:1334,143,1,0
BRF:297
BRH:85
end_of_record
